# JRE version: OpenJDK Runtime Environment (25.0.2+10) (build 25.0.2+10-69)
# Java VM: OpenJDK 64-Bit Server VM (25.0.2+10-69, mixed mode, sharing, tiered, compressed oops, compressed class ptrs, g1 gc, windows-amd64)
GC Precious Log:
 CardTable entry size: 512
 Card Set container configuration: InlinePtr #cards 4 size 8 Array Of Cards #cards 16 size 48 Howl #buckets 8 coarsen threshold 3686 Howl Bitmap #cards 512 size 80 coarsen threshold 460 Card regions per heap region 1 cards per card region 4096
 CPUs: 16 total, 16 available
 Memory: 14077M
 Large Page Support: Disabled
 NUMA Support: Disabled
 Compressed Oops: Enabled (Zero based)
 Heap Region Size: 2M
 Heap Min Capacity: 8M
 Heap Initial Capacity: 220M
 Heap Max Capacity: 3520M
 Pre-touch: Disabled
 Parallel Workers: 13
 Concurrent Workers: 3
 Concurrent Refinement Workers: 13
 Periodic GC: Disabled
Heap:
 garbage-first heap   total reserved 3604480K, committed 55296K, used 24503K [0x0000000724000000, 0x0000000800000000)
  region size 2048K, 4 young (8192K), 1 survivors (2048K)
GC Heap Usage History (12 events):
Event: 1.135 {heap Before GC invocations=0 (full 0):
 garbage-first heap   total reserved 3604480K, committed 227328K, used 50323K [0x0000000724000000, 0x0000000800000000)
  region size 2048K, 24 young (49152K), 0 survivors (0K)
}
Event: 1.141 {heap After GC invocations=1 (full 0):
 garbage-first heap   total reserved 3604480K, committed 227328K, used 6819K [0x0000000724000000, 0x0000000800000000)
  region size 2048K, 3 young (6144K), 3 survivors (6144K)
}
Event: 2.127 {heap Before GC invocations=1 (full 0):
 garbage-first heap   total reserved 3604480K, committed 227328K, used 37539K [0x0000000724000000, 0x0000000800000000)
  region size 2048K, 19 young (38912K), 3 survivors (6144K)
}
Event: 2.133 {heap After GC invocations=2 (full 0):
 garbage-first heap   total reserved 3604480K, committed 227328K, used 10576K [0x0000000724000000, 0x0000000800000000)
  region size 2048K, 5 young (10240K), 5 survivors (10240K)
}
Event: 2.546 {heap Before GC invocations=3 (full 0):
 garbage-first heap   total reserved 3604480K, committed 40960K, used 37200K [0x0000000724000000, 0x0000000800000000)
  region size 2048K, 19 young (38912K), 5 survivors (10240K)
}
Event: 2.554 {heap After GC invocations=4 (full 0):
 garbage-first heap   total reserved 3604480K, committed 55296K, used 12520K [0x0000000724000000, 0x0000000800000000)
  region size 2048K, 4 young (8192K), 4 survivors (8192K)
}
Event: 19.319 {heap Before GC invocations=4 (full 0):
 garbage-first heap   total reserved 3604480K, committed 55296K, used 37096K [0x0000000724000000, 0x0000000800000000)
  region size 2048K, 15 young (30720K), 4 survivors (8192K)
}
Event: 19.327 {heap After GC invocations=5 (full 0):
 garbage-first heap   total reserved 3604480K, committed 55296K, used 16145K [0x0000000724000000, 0x0000000800000000)
  region size 2048K, 2 young (4096K), 2 survivors (4096K)
}
Event: 24.157 {heap Before GC invocations=5 (full 0):
 garbage-first heap   total reserved 3604480K, committed 55296K, used 40721K [0x0000000724000000, 0x0000000800000000)
  region size 2048K, 14 young (28672K), 2 survivors (4096K)
}
Event: 24.161 {heap After GC invocations=6 (full 0):
 garbage-first heap   total reserved 3604480K, committed 55296K, used 18300K [0x0000000724000000, 0x0000000800000000)
  region size 2048K, 2 young (4096K), 2 survivors (4096K)
}
Event: 129.532 {heap Before GC invocations=6 (full 0):
 garbage-first heap   total reserved 3604480K, committed 55296K, used 42876K [0x0000000724000000, 0x0000000800000000)
  region size 2048K, 14 young (28672K), 2 survivors (4096K)
}
Event: 129.538 {heap After GC invocations=7 (full 0):
 garbage-first heap   total reserved 3604480K, committed 55296K, used 20407K [0x0000000724000000, 0x0000000800000000)
  region size 2048K, 1 young (2048K), 1 survivors (2048K)
}

